<?xml version="1.0" encoding="UTF-8"?>
<testsuite xmlns:xsi="http://www.w3.org/2001/XMLSchema-instance" xsi:noNamespaceSchemaLocation="https://maven.apache.org/surefire/maven-surefire-plugin/xsd/surefire-test-report-3.0.xsd" version="3.0" name="com.revature.service.BankAccountsServiceTest" time="0.629" tests="22" errors="0" skipped="0" failures="0">
  <properties>
[...]
</properties>
  <testcase name="testEditBankAccountPositive" classname="com.revature.service.BankAccountsServiceTest" time="0.553">
    <system-out><![CDATA[15 Nov 2021 - 14:19:30.316 [main] INFO  c.r.service.BankAccountsService - invoked editBankAccount() method
15 Nov 2021 - 14:19:30.318 [main] INFO  c.r.service.BankAccountsService - invoked validateFields() method
]]></system-out>
  </testcase>
  <testcase name="testValidateFieldsPositive" classname="com.revature.service.BankAccountsServiceTest" time="0.022"/>
  <testcase name="testGetBankAccountPositive" classname="com.revature.service.BankAccountsServiceTest" time="0.001">
    <system-out><![CDATA[15 Nov 2021 - 14:19:30.355 [main] INFO  c.r.service.BankAccountsService - invoked getBankAccount() method
]]></system-out>
  </testcase>
  <testcase name="testValidateFieldsBankAccountNumberEmptyAllFieldsPositive" classname="com.revature.service.BankAccountsServiceTest" time="0.003">
    <system-out><![CDATA[15 Nov 2021 - 14:19:30.358 [main] INFO  c.r.service.BankAccountsService - invoked validateFields() method
15 Nov 2021 - 14:19:30.359 [main] WARN  c.r.service.BankAccountsService - InvalidInputException was thrown: Bank Account No/Bank Account Type/Amount cannot be empty!
]]></system-out>
  </testcase>
  <testcase name="testValidateFieldsAmountEmptyAllFieldsPositive" classname="com.revature.service.BankAccountsServiceTest" time="0.001">
    <system-out><![CDATA[15 Nov 2021 - 14:19:30.360 [main] INFO  c.r.service.BankAccountsService - invoked validateFields() method
15 Nov 2021 - 14:19:30.360 [main] WARN  c.r.service.BankAccountsService - InvalidInputException was thrown: Amount must be greater than 0 only!
]]></system-out>
  </testcase>
  <testcase name="testValidateFieldsBankAccountTypeNotValid" classname="com.revature.service.BankAccountsServiceTest" time="0.001">
    <system-out><![CDATA[15 Nov 2021 - 14:19:30.361 [main] INFO  c.r.service.BankAccountsService - invoked validateFields() method
15 Nov 2021 - 14:19:30.362 [main] WARN  c.r.service.BankAccountsService - InvalidInputException was thrown: Bank Account Type must be either 'Checkings' OR 'Savings'!
15 Nov 2021 - 14:19:30.362 [main] INFO  c.r.service.BankAccountsService - invoked validateFields() method
15 Nov 2021 - 14:19:30.362 [main] WARN  c.r.service.BankAccountsService - InvalidInputException was thrown: Bank Account Type must be either 'Checkings' OR 'Savings'!
]]></system-out>
  </testcase>
  <testcase name="testGetBankAccountClientIdAndAccountIdIsNotValid" classname="com.revature.service.BankAccountsServiceTest" time="0.001">
    <system-out><![CDATA[15 Nov 2021 - 14:19:30.363 [main] INFO  c.r.service.BankAccountsService - invoked getBankAccount() method
15 Nov 2021 - 14:19:30.363 [main] WARN  c.r.service.BankAccountsService - InvalidInputException was thrown: Entered id cannot be converted to int value!
]]></system-out>
  </testcase>
  <testcase name="testGetBankAccountClientIdContainsWhiteSpaceAccountIdIsValid" classname="com.revature.service.BankAccountsServiceTest" time="0.002">
    <system-out><![CDATA[15 Nov 2021 - 14:19:30.365 [main] INFO  c.r.service.BankAccountsService - invoked getBankAccount() method
15 Nov 2021 - 14:19:30.365 [main] WARN  c.r.service.BankAccountsService - InvalidInputException was thrown: Entered id cannot be converted to int value!
]]></system-out>
  </testcase>
  <testcase name="testAddBankAccountPositive" classname="com.revature.service.BankAccountsServiceTest" time="0.002">
    <system-out><![CDATA[15 Nov 2021 - 14:19:30.367 [main] INFO  c.r.service.BankAccountsService - invoked addBankAccount() method
15 Nov 2021 - 14:19:30.367 [main] INFO  c.r.service.BankAccountsService - invoked validateFields() method
]]></system-out>
  </testcase>
  <testcase name="testGetBankAccountClientIdIsNotValidAccountIdIsValid" classname="com.revature.service.BankAccountsServiceTest" time="0.002">
    <system-out><![CDATA[15 Nov 2021 - 14:19:30.370 [main] INFO  c.r.service.BankAccountsService - invoked getBankAccount() method
15 Nov 2021 - 14:19:30.371 [main] WARN  c.r.service.BankAccountsService - InvalidInputException was thrown: Entered id cannot be converted to int value!
]]></system-out>
  </testcase>
  <testcase name="testEditBankAccountClientIdNotValidAccountIdValid" classname="com.revature.service.BankAccountsServiceTest" time="0.003">
    <system-out><![CDATA[15 Nov 2021 - 14:19:30.373 [main] INFO  c.r.service.BankAccountsService - invoked editBankAccount() method
15 Nov 2021 - 14:19:30.374 [main] INFO  c.r.service.BankAccountsService - invoked validateFields() method
15 Nov 2021 - 14:19:30.374 [main] WARN  c.r.service.BankAccountsService - InvalidInputException was thrown: Entered id cannot be converted to int value!
]]></system-out>
  </testcase>
  <testcase name="testValidateFieldsAmountLessThanOrEqualsZero" classname="com.revature.service.BankAccountsServiceTest" time="0.002">
    <system-out><![CDATA[15 Nov 2021 - 14:19:30.377 [main] INFO  c.r.service.BankAccountsService - invoked validateFields() method
15 Nov 2021 - 14:19:30.378 [main] WARN  c.r.service.BankAccountsService - InvalidInputException was thrown: Amount must be greater than 0 only!
]]></system-out>
  </testcase>
  <testcase name="testEditBankAccountClientIdValidAccountIdNotValid" classname="com.revature.service.BankAccountsServiceTest" time="0.001">
    <system-out><![CDATA[15 Nov 2021 - 14:19:30.380 [main] INFO  c.r.service.BankAccountsService - invoked editBankAccount() method
15 Nov 2021 - 14:19:30.380 [main] INFO  c.r.service.BankAccountsService - invoked validateFields() method
15 Nov 2021 - 14:19:30.380 [main] WARN  c.r.service.BankAccountsService - InvalidInputException was thrown: Entered id cannot be converted to int value!
]]></system-out>
  </testcase>
  <testcase name="testAddBankAccountValidateFieldsReturnsNull" classname="com.revature.service.BankAccountsServiceTest" time="0.002">
    <system-out><![CDATA[15 Nov 2021 - 14:19:30.381 [main] INFO  c.r.service.BankAccountsService - invoked addBankAccount() method
15 Nov 2021 - 14:19:30.381 [main] INFO  c.r.service.BankAccountsService - invoked validateFields() method
]]></system-out>
  </testcase>
  <testcase name="testGetBankAccountClientIdIsValidAccountIdIsNotValid" classname="com.revature.service.BankAccountsServiceTest" time="0.002">
    <system-out><![CDATA[15 Nov 2021 - 14:19:30.383 [main] INFO  c.r.service.BankAccountsService - invoked getBankAccount() method
15 Nov 2021 - 14:19:30.384 [main] WARN  c.r.service.BankAccountsService - InvalidInputException was thrown: Entered id cannot be converted to int value!
]]></system-out>
  </testcase>
  <testcase name="testEditBankAccountUpdateDTOIsNullEverythingIsValid" classname="com.revature.service.BankAccountsServiceTest" time="0.001">
    <system-out><![CDATA[15 Nov 2021 - 14:19:30.385 [main] INFO  c.r.service.BankAccountsService - invoked editBankAccount() method
15 Nov 2021 - 14:19:30.386 [main] INFO  c.r.service.BankAccountsService - invoked validateFields() method
]]></system-out>
  </testcase>
  <testcase name="testGetBankAccountClientIdFoundButNoExistingBankAccount" classname="com.revature.service.BankAccountsServiceTest" time="0.001">
    <system-out><![CDATA[15 Nov 2021 - 14:19:30.387 [main] INFO  c.r.service.BankAccountsService - invoked getBankAccount() method
15 Nov 2021 - 14:19:30.388 [main] WARN  c.r.service.BankAccountsService - BankAccountNotFoundException was thrown: Client doesn't have any existing bank account id
]]></system-out>
  </testcase>
  <testcase name="testEditBankAccountBothClientIdAndAccountIdNotValid" classname="com.revature.service.BankAccountsServiceTest" time="0.001">
    <system-out><![CDATA[15 Nov 2021 - 14:19:30.389 [main] INFO  c.r.service.BankAccountsService - invoked editBankAccount() method
15 Nov 2021 - 14:19:30.390 [main] INFO  c.r.service.BankAccountsService - invoked validateFields() method
15 Nov 2021 - 14:19:30.390 [main] WARN  c.r.service.BankAccountsService - InvalidInputException was thrown: Entered id cannot be converted to int value!
]]></system-out>
  </testcase>
  <testcase name="testGetBankAccountClientIdIsValidAccountIdContainsWhiteSpace" classname="com.revature.service.BankAccountsServiceTest" time="0.001">
    <system-out><![CDATA[15 Nov 2021 - 14:19:30.391 [main] INFO  c.r.service.BankAccountsService - invoked getBankAccount() method
15 Nov 2021 - 14:19:30.391 [main] WARN  c.r.service.BankAccountsService - InvalidInputException was thrown: Entered id cannot be converted to int value!
]]></system-out>
  </testcase>
  <testcase name="testValidateFieldsAmountContainsAlphabet" classname="com.revature.service.BankAccountsServiceTest" time="0.001">
    <system-out><![CDATA[15 Nov 2021 - 14:19:30.392 [main] INFO  c.r.service.BankAccountsService - invoked validateFields() method
15 Nov 2021 - 14:19:30.392 [main] WARN  c.r.service.BankAccountsService - InvalidInputException was thrown: Amount can only be of int or double value!
]]></system-out>
  </testcase>
  <testcase name="testValidateFieldsBankAccountTypeEmptyAllFieldsPositive" classname="com.revature.service.BankAccountsServiceTest" time="0.001">
    <system-out><![CDATA[15 Nov 2021 - 14:19:30.393 [main] INFO  c.r.service.BankAccountsService - invoked validateFields() method
15 Nov 2021 - 14:19:30.394 [main] WARN  c.r.service.BankAccountsService - InvalidInputException was thrown: Bank Account No/Bank Account Type/Amount cannot be empty!
]]></system-out>
  </testcase>
  <testcase name="testGetBankAccountClientIdAndAccountIdContainsWhiteSpace" classname="com.revature.service.BankAccountsServiceTest" time="0.002">
    <system-out><![CDATA[15 Nov 2021 - 14:19:30.395 [main] INFO  c.r.service.BankAccountsService - invoked getBankAccount() method
15 Nov 2021 - 14:19:30.395 [main] WARN  c.r.service.BankAccountsService - InvalidInputException was thrown: Entered id cannot be converted to int value!
]]></system-out>
  </testcase>
</testsuite>